<?xml version="1.0" encoding="UTF-8"?>
<statuses type="array">
<status>
  <created_at>Sat Feb 27 15:06:56 +0000 2010</created_at>
  <id>9732125945</id>
  <text>My Twitter 1.2.7 is released today with minor changes</text>
  <source>web</source>
  <truncated>false</truncated>
  <in_reply_to_status_id></in_reply_to_status_id>
  <in_reply_to_user_id></in_reply_to_user_id>
  <favorited>false</favorited>
  <in_reply_to_screen_name></in_reply_to_screen_name>
  <user>
    <id>100507813</id>
    <name>Xhanch SN</name>
    <screen_name>xhanch</screen_name>
    <location></location>
    <description></description>
    <profile_image_url>http://a1.twimg.com/profile_images/600496022/logo_normal.png</profile_image_url>
    <url></url>
    <protected>false</protected>
    <followers_count>4</followers_count>
    <profile_background_color>9ae4e8</profile_background_color>
    <profile_text_color>000000</profile_text_color>
    <profile_link_color>0000ff</profile_link_color>
    <profile_sidebar_fill_color>e0ff92</profile_sidebar_fill_color>
    <profile_sidebar_border_color>87bc44</profile_sidebar_border_color>
    <friends_count>0</friends_count>
    <created_at>Wed Dec 30 14:18:21 +0000 2009</created_at>
    <favourites_count>0</favourites_count>
    <utc_offset>25200</utc_offset>
    <time_zone>Jakarta</time_zone>
    <profile_background_image_url>http://s.twimg.com/a/1267135446/images/themes/theme1/bg.png</profile_background_image_url>
    <profile_background_tile>false</profile_background_tile>
    <notifications></notifications>
    <geo_enabled>false</geo_enabled>
    <verified>false</verified>
    <following></following>
    <statuses_count>21</statuses_count>
    <lang>en</lang>
    <contributors_enabled>false</contributors_enabled>
  </user>
  <geo/>
  <contributors/>
</status>
<status>
  <created_at>Sat Feb 27 15:06:10 +0000 2010</created_at>
  <id>9732097635</id>
  <text>Published a new free WordPress Plugin - My Prayer Time to display daily and monthly prayer time
http://xhanch.com/wp-plugin-my-prayer-time/</text>
  <source>web</source>
  <truncated>false</truncated>
  <in_reply_to_status_id></in_reply_to_status_id>
  <in_reply_to_user_id></in_reply_to_user_id>
  <favorited>false</favorited>
  <in_reply_to_screen_name></in_reply_to_screen_name>
  <user>
    <id>100507813</id>
    <name>Xhanch SN</name>
    <screen_name>xhanch</screen_name>
    <location></location>
    <description></description>
    <profile_image_url>http://a1.twimg.com/profile_images/600496022/logo_normal.png</profile_image_url>
    <url></url>
    <protected>false</protected>
    <followers_count>4</followers_count>
    <profile_background_color>9ae4e8</profile_background_color>
    <profile_text_color>000000</profile_text_color>
    <profile_link_color>0000ff</profile_link_color>
    <profile_sidebar_fill_color>e0ff92</profile_sidebar_fill_color>
    <profile_sidebar_border_color>87bc44</profile_sidebar_border_color>
    <friends_count>0</friends_count>
    <created_at>Wed Dec 30 14:18:21 +0000 2009</created_at>
    <favourites_count>0</favourites_count>
    <utc_offset>25200</utc_offset>
    <time_zone>Jakarta</time_zone>
    <profile_background_image_url>http://s.twimg.com/a/1267135446/images/themes/theme1/bg.png</profile_background_image_url>
    <profile_background_tile>false</profile_background_tile>
    <notifications></notifications>
    <geo_enabled>false</geo_enabled>
    <verified>false</verified>
    <following></following>
    <statuses_count>20</statuses_count>
    <lang>en</lang>
    <contributors_enabled>false</contributors_enabled>
  </user>
  <geo/>
  <contributors/>
</status>
<status>
  <created_at>Wed Feb 24 14:01:24 +0000 2010</created_at>
  <id>9576741815</id>
  <text>My Quote 1.0.8 is available for download. Lots of new quotes are added to the databse</text>
  <source>web</source>
  <truncated>false</truncated>
  <in_reply_to_status_id></in_reply_to_status_id>
  <in_reply_to_user_id></in_reply_to_user_id>
  <favorited>false</favorited>
  <in_reply_to_screen_name></in_reply_to_screen_name>
  <user>
    <id>100507813</id>
    <name>Xhanch SN</name>
    <screen_name>xhanch</screen_name>
    <location></location>
    <description></description>
    <profile_image_url>http://a1.twimg.com/profile_images/600496022/logo_normal.png</profile_image_url>
    <url></url>
    <protected>false</protected>
    <followers_count>4</followers_count>
    <profile_background_color>9ae4e8</profile_background_color>
    <profile_text_color>000000</profile_text_color>
    <profile_link_color>0000ff</profile_link_color>
    <profile_sidebar_fill_color>e0ff92</profile_sidebar_fill_color>
    <profile_sidebar_border_color>87bc44</profile_sidebar_border_color>
    <friends_count>0</friends_count>
    <created_at>Wed Dec 30 14:18:21 +0000 2009</created_at>
    <favourites_count>0</favourites_count>
    <utc_offset>25200</utc_offset>
    <time_zone>Jakarta</time_zone>
    <profile_background_image_url>http://s.twimg.com/a/1266969464/images/themes/theme1/bg.png</profile_background_image_url>
    <profile_background_tile>false</profile_background_tile>
    <notifications></notifications>
    <geo_enabled>false</geo_enabled>
    <verified>false</verified>
    <following></following>
    <statuses_count>19</statuses_count>
    <lang>en</lang>
    <contributors_enabled>false</contributors_enabled>
  </user>
  <geo/>
  <contributors/>
</status>
<status>
  <created_at>Wed Feb 24 14:00:25 +0000 2010</created_at>
  <id>9576702263</id>
  <text>My Twitter 1.2.5 is available with better performance</text>
  <source>web</source>
  <truncated>false</truncated>
  <in_reply_to_status_id></in_reply_to_status_id>
  <in_reply_to_user_id></in_reply_to_user_id>
  <favorited>false</favorited>
  <in_reply_to_screen_name></in_reply_to_screen_name>
  <user>
    <id>100507813</id>
    <name>Xhanch SN</name>
    <screen_name>xhanch</screen_name>
    <location></location>
    <description></description>
    <profile_image_url>http://a1.twimg.com/profile_images/600496022/logo_normal.png</profile_image_url>
    <url></url>
    <protected>false</protected>
    <followers_count>4</followers_count>
    <profile_background_color>9ae4e8</profile_background_color>
    <profile_text_color>000000</profile_text_color>
    <profile_link_color>0000ff</profile_link_color>
    <profile_sidebar_fill_color>e0ff92</profile_sidebar_fill_color>
    <profile_sidebar_border_color>87bc44</profile_sidebar_border_color>
    <friends_count>0</friends_count>
    <created_at>Wed Dec 30 14:18:21 +0000 2009</created_at>
    <favourites_count>0</favourites_count>
    <utc_offset>25200</utc_offset>
    <time_zone>Jakarta</time_zone>
    <profile_background_image_url>http://s.twimg.com/a/1267135446/images/themes/theme1/bg.png</profile_background_image_url>
    <profile_background_tile>false</profile_background_tile>
    <notifications></notifications>
    <geo_enabled>false</geo_enabled>
    <verified>false</verified>
    <following></following>
    <statuses_count>21</statuses_count>
    <lang>en</lang>
    <contributors_enabled>false</contributors_enabled>
  </user>
  <geo/>
  <contributors/>
</status>
<status>
  <created_at>Sat Feb 13 17:07:52 +0000 2010</created_at>
  <id>9062613188</id>
  <text>Happy Lunar New Year and Valentine Day! 
What a great combination day :)</text>
  <source>web</source>
  <truncated>false</truncated>
  <in_reply_to_status_id></in_reply_to_status_id>
  <in_reply_to_user_id></in_reply_to_user_id>
  <favorited>false</favorited>
  <in_reply_to_screen_name></in_reply_to_screen_name>
  <user>
    <id>100507813</id>
    <name>Xhanch SN</name>
    <screen_name>xhanch</screen_name>
    <location></location>
    <description></description>
    <profile_image_url>http://a1.twimg.com/profile_images/600496022/logo_normal.png</profile_image_url>
    <url></url>
    <protected>false</protected>
    <followers_count>4</followers_count>
    <profile_background_color>9ae4e8</profile_background_color>
    <profile_text_color>000000</profile_text_color>
    <profile_link_color>0000ff</profile_link_color>
    <profile_sidebar_fill_color>e0ff92</profile_sidebar_fill_color>
    <profile_sidebar_border_color>87bc44</profile_sidebar_border_color>
    <friends_count>0</friends_count>
    <created_at>Wed Dec 30 14:18:21 +0000 2009</created_at>
    <favourites_count>0</favourites_count>
    <utc_offset>25200</utc_offset>
    <time_zone>Jakarta</time_zone>
    <profile_background_image_url>http://s.twimg.com/a/1267135446/images/themes/theme1/bg.png</profile_background_image_url>
    <profile_background_tile>false</profile_background_tile>
    <notifications></notifications>
    <geo_enabled>false</geo_enabled>
    <verified>false</verified>
    <following></following>
    <statuses_count>21</statuses_count>
    <lang>en</lang>
    <contributors_enabled>false</contributors_enabled>
  </user>
  <geo/>
  <contributors/>
</status>
</statuses>

Feeds retrieved from twitter is not well formed
